Desktop/chat/app/build/intermediates/manifest_merge_blame_file/release/manifest-merger-blame-release-report.txt
1<?xml version="1.0" encoding="utf-8"?>
2<manifest xmlns:android="http://schemas.android.com/apk/res/android"
3    package="com.example.chat"
4    android:versionCode="1"
5    android:versionName="1.0" >
6
7    <uses-sdk
8        android:minSdkVersion="16"
8-->src/main/AndroidManifest.xml
9        android:targetSdkVersion="29" />
9-->src/main/AndroidManifest.xml
10
11    <uses-permission android:name="android.permission.INTERNET" /> <!-- Although the *SdkVersion is captured in gradle build files, this is required for non gradle builds -->
11-->[com.firebaseui:firebase-ui:0.6.2] AndroidManifest.xml:11:5-67
11-->[com.firebaseui:firebase-ui:0.6.2] AndroidManifest.xml:11:22-64
12    <!-- <uses-sdk android:minSdkVersion="14"/> -->
13    <uses-permission android:name="android.permission.ACCESS_NETWORK_STATE" />
13-->[com.google.firebase:firebase-database:19.2.1] AndroidManifest.xml:25:5-79
13-->[com.google.firebase:firebase-database:19.2.1] AndroidManifest.xml:25:22-76
14    <uses-permission android:name="android.permission.WAKE_LOCK" /> <!-- Required by older versions of Google Play services to create IID tokens -->
14-->[com.google.android.gms:play-services-measurement-api:17.2.3] AndroidManifest.xml:24:5-68
14-->[com.google.android.gms:play-services-measurement-api:17.2.3] AndroidManifest.xml:24:22-65
15    <uses-permission android:name="com.google.android.c2dm.permission.RECEIVE" />
15-->[com.google.firebase:firebase-iid:20.0.2] AndroidManifest.xml:26:5-82
15-->[com.google.firebase:firebase-iid:20.0.2] AndroidManifest.xml:26:22-79
16    <uses-permission android:name="com.google.android.finsky.permission.BIND_GET_INSTALL_REFERRER_SERVICE" />
16-->[com.google.android.gms:play-services-measurement:17.2.3] AndroidManifest.xml:26:5-110
16-->[com.google.android.gms:play-services-measurement:17.2.3] AndroidManifest.xml:26:22-107
17
18    <application
18-->src/main/AndroidManifest.xml:5:5-19:19
19        android:allowBackup="true"
19-->src/main/AndroidManifest.xml:6:9-35
20        android:appComponentFactory="androidx.core.app.CoreComponentFactory"
20-->[androidx.core:core:1.1.0] AndroidManifest.xml:24:18-86
21        android:icon="@mipmap/ic_launcher"
21-->src/main/AndroidManifest.xml:7:9-43
22        android:label="@string/app_name"
22-->src/main/AndroidManifest.xml:8:9-41
23        android:roundIcon="@mipmap/ic_launcher_round"
23-->src/main/AndroidManifest.xml:9:9-54
24        android:supportsRtl="true"
24-->src/main/AndroidManifest.xml:10:9-35
25        android:testOnly="true"
26        android:theme="@style/AppTheme" >
26-->src/main/AndroidManifest.xml:11:9-40
27        <activity android:name="com.example.chat.MainActivity" >
27-->src/main/AndroidManifest.xml:12:9-18:20
27-->src/main/AndroidManifest.xml:12:19-47
28            <intent-filter>
28-->src/main/AndroidManifest.xml:13:13-17:29
29                <action android:name="android.intent.action.MAIN" />
29-->src/main/AndroidManifest.xml:14:17-69
29-->src/main/AndroidManifest.xml:14:25-66
30
31                <category android:name="android.intent.category.LAUNCHER" />
31-->src/main/AndroidManifest.xml:16:17-77
31-->src/main/AndroidManifest.xml:16:27-74
32            </intent-filter>
33        </activity>
34
35        <meta-data
35-->[com.firebaseui:firebase-ui-auth:0.6.2] AndroidManifest.xml:13:9-15:69
36            android:name="com.google.android.gms.version"
36-->[com.firebaseui:firebase-ui-auth:0.6.2] AndroidManifest.xml:14:13-58
37            android:value="@integer/google_play_services_version" />
37-->[com.firebaseui:firebase-ui-auth:0.6.2] AndroidManifest.xml:15:13-66
38
39        <activity
39-->[com.firebaseui:firebase-ui-auth:0.6.2] AndroidManifest.xml:17:9-20:56
40            android:name="com.firebase.ui.auth.ui.email.ConfirmRecoverPasswordActivity"
40-->[com.firebaseui:firebase-ui-auth:0.6.2] AndroidManifest.xml:18:13-88
41            android:label="@string/title_confirm_recover_password_activity"
41-->[com.firebaseui:firebase-ui-auth:0.6.2] AndroidManifest.xml:19:13-76
42            android:theme="@style/FirebaseUI.Dialog" />
42-->[com.firebaseui:firebase-ui-auth:0.6.2] AndroidManifest.xml:20:13-53
43        <activity
43-->[com.firebaseui:firebase-ui-auth:0.6.2] AndroidManifest.xml:21:9-24:61
44            android:name="com.firebase.ui.auth.ui.email.EmailHintContainerActivity"
44-->[com.firebaseui:firebase-ui-auth:0.6.2] AndroidManifest.xml:22:13-84
45            android:label="@string/default_toolbar_title"
45-->[com.firebaseui:firebase-ui-auth:0.6.2] AndroidManifest.xml:23:13-58
46            android:theme="@style/FirebaseUI.Translucent" />
46-->[com.firebaseui:firebase-ui-auth:0.6.2] AndroidManifest.xml:24:13-58
47        <activity
47-->[com.firebaseui:firebase-ui-auth:0.6.2] AndroidManifest.xml:25:9-28:49
48            android:name="com.firebase.ui.auth.ui.email.RecoverPasswordActivity"
48-->[com.firebaseui:firebase-ui-auth:0.6.2] AndroidManifest.xml:26:13-81
49            android:label="@string/title_recover_password_activity"
49-->[com.firebaseui:firebase-ui-auth:0.6.2] AndroidManifest.xml:27:13-68
50            android:theme="@style/FirebaseUI" />
50-->[com.firebaseui:firebase-ui-auth:0.6.2] AndroidManifest.xml:28:13-46
51        <activity
51-->[com.firebaseui:firebase-ui-auth:0.6.2] AndroidManifest.xml:29:9-32:49
52            android:name="com.firebase.ui.auth.ui.email.RegisterEmailActivity"
52-->[com.firebaseui:firebase-ui-auth:0.6.2] AndroidManifest.xml:30:13-79
53            android:label="@string/title_register_email_activity"
53-->[com.firebaseui:firebase-ui-auth:0.6.2] AndroidManifest.xml:31:13-66
54            android:theme="@style/FirebaseUI" />
54-->[com.firebaseui:firebase-ui-auth:0.6.2] AndroidManifest.xml:32:13-46
55        <activity
55-->[com.firebaseui:firebase-ui-auth:0.6.2] AndroidManifest.xml:33:9-36:49
56            android:name="com.firebase.ui.auth.ui.email.SignInNoPasswordActivity"
56-->[com.firebaseui:firebase-ui-auth:0.6.2] AndroidManifest.xml:34:13-82
57            android:label="@string/title_sign_in_no_password_activity"
57-->[com.firebaseui:firebase-ui-auth:0.6.2] AndroidManifest.xml:35:13-71
58            android:theme="@style/FirebaseUI" />
58-->[com.firebaseui:firebase-ui-auth:0.6.2] AndroidManifest.xml:36:13-46
59        <activity
59-->[com.firebaseui:firebase-ui-auth:0.6.2] AndroidManifest.xml:37:9-40:49
60            android:name="com.firebase.ui.auth.ui.email.SignInActivity"
60-->[com.firebaseui:firebase-ui-auth:0.6.2] AndroidManifest.xml:38:13-72
61            android:label="@string/title_sign_in_activity"
61-->[com.firebaseui:firebase-ui-auth:0.6.2] AndroidManifest.xml:39:13-59
62            android:theme="@style/FirebaseUI" />
62-->[com.firebaseui:firebase-ui-auth:0.6.2] AndroidManifest.xml:40:13-46
63        <activity
63-->[com.firebaseui:firebase-ui-auth:0.6.2] AndroidManifest.xml:41:9-44:61
64            android:name="com.firebase.ui.auth.ui.account_link.SaveCredentialsActivity"
64-->[com.firebaseui:firebase-ui-auth:0.6.2] AndroidManifest.xml:42:13-88
65            android:label="@string/default_toolbar_title"
65-->[com.firebaseui:firebase-ui-auth:0.6.2] AndroidManifest.xml:43:13-58
66            android:theme="@style/FirebaseUI.Translucent" />
66-->[com.firebaseui:firebase-ui-auth:0.6.2] AndroidManifest.xml:44:13-58
67        <activity
67-->[com.firebaseui:firebase-ui-auth:0.6.2] AndroidManifest.xml:45:9-48:49
68            android:name="com.firebase.ui.auth.ui.account_link.WelcomeBackIDPPrompt"
68-->[com.firebaseui:firebase-ui-auth:0.6.2] AndroidManifest.xml:46:13-85
69            android:label="@string/title_welcome_back_idp_prompt"
69-->[com.firebaseui:firebase-ui-auth:0.6.2] AndroidManifest.xml:47:13-66
70            android:theme="@style/FirebaseUI" />
70-->[com.firebaseui:firebase-ui-auth:0.6.2] AndroidManifest.xml:48:13-46
71        <activity
71-->[com.firebaseui:firebase-ui-auth:0.6.2] AndroidManifest.xml:49:9-52:49
72            android:name="com.firebase.ui.auth.ui.account_link.WelcomeBackPasswordPrompt"
72-->[com.firebaseui:firebase-ui-auth:0.6.2] AndroidManifest.xml:50:13-90
73            android:label="@string/title_welcome_back_password_prompt"
73-->[com.firebaseui:firebase-ui-auth:0.6.2] AndroidManifest.xml:51:13-71
74            android:theme="@style/FirebaseUI" />
74-->[com.firebaseui:firebase-ui-auth:0.6.2] AndroidManifest.xml:52:13-46
75        <activity
75-->[com.firebaseui:firebase-ui-auth:0.6.2] AndroidManifest.xml:53:9-56:49
76            android:name="com.firebase.ui.auth.ui.idp.AuthMethodPickerActivity"
76-->[com.firebaseui:firebase-ui-auth:0.6.2] AndroidManifest.xml:54:13-80
77            android:label="@string/default_toolbar_title"
77-->[com.firebaseui:firebase-ui-auth:0.6.2] AndroidManifest.xml:55:13-58
78            android:theme="@style/FirebaseUI" />
78-->[com.firebaseui:firebase-ui-auth:0.6.2] AndroidManifest.xml:56:13-46
79        <activity
79-->[com.firebaseui:firebase-ui-auth:0.6.2] AndroidManifest.xml:57:9-60:61
80            android:name="com.firebase.ui.auth.ui.idp.IDPSignInContainerActivity"
80-->[com.firebaseui:firebase-ui-auth:0.6.2] AndroidManifest.xml:58:13-82
81            android:label="@string/default_toolbar_title"
81-->[com.firebaseui:firebase-ui-auth:0.6.2] AndroidManifest.xml:59:13-58
82            android:theme="@style/FirebaseUI.Translucent" />
82-->[com.firebaseui:firebase-ui-auth:0.6.2] AndroidManifest.xml:60:13-58
83        <activity
83-->[com.firebaseui:firebase-ui-auth:0.6.2] AndroidManifest.xml:61:9-64:61
84            android:name="com.firebase.ui.auth.ui.ChooseAccountActivity"
84-->[com.firebaseui:firebase-ui-auth:0.6.2] AndroidManifest.xml:62:13-73
85            android:label="@string/default_toolbar_title"
85-->[com.firebaseui:firebase-ui-auth:0.6.2] AndroidManifest.xml:63:13-58
86            android:theme="@style/FirebaseUI.Translucent" />
86-->[com.firebaseui:firebase-ui-auth:0.6.2] AndroidManifest.xml:64:13-58
87        <activity
87-->[com.firebaseui:firebase-ui-auth:0.6.2] AndroidManifest.xml:65:9-70:45
88            android:name="com.facebook.FacebookActivity"
88-->[com.firebaseui:firebase-ui-auth:0.6.2] AndroidManifest.xml:66:13-57
89            android:configChanges="keyboard|keyboardHidden|screenLayout|screenSize|orientation"
89-->[com.firebaseui:firebase-ui-auth:0.6.2] AndroidManifest.xml:67:13-96
90            android:label="@string/app_name"
90-->[com.firebaseui:firebase-ui-auth:0.6.2] AndroidManifest.xml:68:13-45
91            android:theme="@style/FirebaseUI.Translucent" />
91-->[com.firebaseui:firebase-ui-auth:0.6.2] AndroidManifest.xml:69:13-58
92        <activity
92-->[com.firebaseui:firebase-ui-auth:0.6.2] AndroidManifest.xml:71:9-82:20
93            android:name="com.facebook.CustomTabActivity"
93-->[com.firebaseui:firebase-ui-auth:0.6.2] AndroidManifest.xml:72:13-58
94            android:exported="true" >
94-->[com.firebaseui:firebase-ui-auth:0.6.2] AndroidManifest.xml:73:13-36
95            <intent-filter>
95-->[com.firebaseui:firebase-ui-auth:0.6.2] AndroidManifest.xml:74:13-81:29
96                <action android:name="android.intent.action.VIEW" />
96-->[com.firebaseui:firebase-ui-auth:0.6.2] AndroidManifest.xml:75:17-69
96-->[com.firebaseui:firebase-ui-auth:0.6.2] AndroidManifest.xml:75:25-66
97
98                <category android:name="android.intent.category.DEFAULT" />
98-->[com.firebaseui:firebase-ui-auth:0.6.2] AndroidManifest.xml:77:17-76
98-->[com.firebaseui:firebase-ui-auth:0.6.2] AndroidManifest.xml:77:27-73
99                <category android:name="android.intent.category.BROWSABLE" />
99-->[com.firebaseui:firebase-ui-auth:0.6.2] AndroidManifest.xml:78:17-78
99-->[com.firebaseui:firebase-ui-auth:0.6.2] AndroidManifest.xml:78:27-75
100
101                <data android:scheme="@string/facebook_login_protocol_scheme" />
101-->[com.firebaseui:firebase-ui-auth:0.6.2] AndroidManifest.xml:80:17-81
101-->[com.firebaseui:firebase-ui-auth:0.6.2] AndroidManifest.xml:80:23-78
102            </intent-filter>
103        </activity>
104        <activity
104-->[com.google.android.gms:play-services-auth:17.0.0] AndroidManifest.xml:23:9-27:75
105            android:name="com.google.android.gms.auth.api.signin.internal.SignInHubActivity"
105-->[com.google.android.gms:play-services-auth:17.0.0] AndroidManifest.xml:24:13-93
106            android:excludeFromRecents="true"
106-->[com.google.android.gms:play-services-auth:17.0.0] AndroidManifest.xml:25:13-46
107            android:exported="false"
107-->[com.google.android.gms:play-services-auth:17.0.0] AndroidManifest.xml:26:13-37
108            android:theme="@android:style/Theme.Translucent.NoTitleBar" />
108-->[com.google.android.gms:play-services-auth:17.0.0] AndroidManifest.xml:27:13-72
109        <!--
110            Service handling Google Sign-In user revocation. For apps that do not integrate with
111            Google Sign-In, this service will never be started.
112        -->
113        <service
113-->[com.google.android.gms:play-services-auth:17.0.0] AndroidManifest.xml:33:9-36:110
114            android:name="com.google.android.gms.auth.api.signin.RevocationBoundService"
114-->[com.google.android.gms:play-services-auth:17.0.0] AndroidManifest.xml:34:13-89
115            android:exported="true"
115-->[com.google.android.gms:play-services-auth:17.0.0] AndroidManifest.xml:35:13-36
116            android:permission="com.google.android.gms.auth.api.signin.permission.REVOCATION_NOTIFICATION" />
116-->[com.google.android.gms:play-services-auth:17.0.0] AndroidManifest.xml:36:13-107
117
118        <activity
118-->[com.google.firebase:firebase-auth:19.3.0] AndroidManifest.xml:24:9-31:50
119            android:name="com.google.firebase.auth.internal.FederatedSignInActivity"
119-->[com.google.firebase:firebase-auth:19.3.0] AndroidManifest.xml:25:13-85
120            android:excludeFromRecents="true"
120-->[com.google.firebase:firebase-auth:19.3.0] AndroidManifest.xml:26:13-46
121            android:exported="true"
121-->[com.google.firebase:firebase-auth:19.3.0] AndroidManifest.xml:27:13-36
122            android:launchMode="singleTask"
122-->[com.google.firebase:firebase-auth:19.3.0] AndroidManifest.xml:28:13-44
123            android:permission="com.google.firebase.auth.api.gms.permission.LAUNCH_FEDERATED_SIGN_IN"
123-->[com.google.firebase:firebase-auth:19.3.0] AndroidManifest.xml:29:13-102
124            android:theme="@android:style/Theme.Translucent.NoTitleBar" />
124-->[com.google.firebase:firebase-auth:19.3.0] AndroidManifest.xml:30:13-72
125
126        <service
126-->[com.google.firebase:firebase-auth:19.3.0] AndroidManifest.xml:33:9-39:19
127            android:name="com.google.firebase.components.ComponentDiscoveryService"
127-->[com.google.firebase:firebase-auth:19.3.0] AndroidManifest.xml:34:13-84
128            android:directBootAware="true"
128-->[com.google.firebase:firebase-common:19.3.0] AndroidManifest.xml:34:13-43
129            android:exported="false" >
129-->[com.google.firebase:firebase-auth:19.3.0] AndroidManifest.xml:35:13-37
130            <meta-data
130-->[com.google.firebase:firebase-auth:19.3.0] AndroidManifest.xml:36:13-38:85
131                android:name="com.google.firebase.components:com.google.firebase.auth.FirebaseAuthRegistrar"
131-->[com.google.firebase:firebase-auth:19.3.0] AndroidManifest.xml:37:17-109
132                android:value="com.google.firebase.components.ComponentRegistrar" />
132-->[com.google.firebase:firebase-auth:19.3.0] AndroidManifest.xml:38:17-82
133            <meta-data
133-->[com.google.firebase:firebase-database:19.2.1] AndroidManifest.xml:32:13-34:85
134                android:name="com.google.firebase.components:com.google.firebase.database.DatabaseRegistrar"
134-->[com.google.firebase:firebase-database:19.2.1] AndroidManifest.xml:33:17-109
135                android:value="com.google.firebase.components.ComponentRegistrar" />
135-->[com.google.firebase:firebase-database:19.2.1] AndroidManifest.xml:34:17-82
136            <meta-data
136-->[com.google.android.gms:play-services-measurement-api:17.2.3] AndroidManifest.xml:30:13-32:85
137                android:name="com.google.firebase.components:com.google.firebase.analytics.connector.internal.AnalyticsConnectorRegistrar"
137-->[com.google.android.gms:play-services-measurement-api:17.2.3] AndroidManifest.xml:31:17-139
138                android:value="com.google.firebase.components.ComponentRegistrar" />
138-->[com.google.android.gms:play-services-measurement-api:17.2.3] AndroidManifest.xml:32:17-82
139            <meta-data
139-->[com.google.firebase:firebase-iid:20.0.2] AndroidManifest.xml:32:13-34:85
140                android:name="com.google.firebase.components:com.google.firebase.iid.Registrar"
140-->[com.google.firebase:firebase-iid:20.0.2] AndroidManifest.xml:33:17-96
141                android:value="com.google.firebase.components.ComponentRegistrar" />
141-->[com.google.firebase:firebase-iid:20.0.2] AndroidManifest.xml:34:17-82
142        </service>
143
144        <receiver
144-->[com.google.firebase:firebase-iid:20.0.2] AndroidManifest.xml:37:9-44:20
145            android:name="com.google.firebase.iid.FirebaseInstanceIdReceiver"
145-->[com.google.firebase:firebase-iid:20.0.2] AndroidManifest.xml:38:13-78
146            android:exported="true"
146-->[com.google.firebase:firebase-iid:20.0.2] AndroidManifest.xml:39:13-36
147            android:permission="com.google.android.c2dm.permission.SEND" >
147-->[com.google.firebase:firebase-iid:20.0.2] AndroidManifest.xml:40:13-73
148            <intent-filter>
148-->[com.google.firebase:firebase-iid:20.0.2] AndroidManifest.xml:41:13-43:29
149                <action android:name="com.google.android.c2dm.intent.RECEIVE" />
149-->[com.google.firebase:firebase-iid:20.0.2] AndroidManifest.xml:42:17-81
149-->[com.google.firebase:firebase-iid:20.0.2] AndroidManifest.xml:42:25-78
150            </intent-filter>
151        </receiver>
152
153        <activity
153-->[com.google.android.gms:play-services-base:17.1.0] AndroidManifest.xml:23:9-26:75
154            android:name="com.google.android.gms.common.api.GoogleApiActivity"
154-->[com.google.android.gms:play-services-base:17.1.0] AndroidManifest.xml:24:13-79
155            android:exported="false"
155-->[com.google.android.gms:play-services-base:17.1.0] AndroidManifest.xml:25:13-37
156            android:theme="@android:style/Theme.Translucent.NoTitleBar" />
156-->[com.google.android.gms:play-services-base:17.1.0] AndroidManifest.xml:26:13-72
157
158        <provider
158-->[com.google.firebase:firebase-common:19.3.0] AndroidManifest.xml:26:9-30:39
159            android:name="com.google.firebase.provider.FirebaseInitProvider"
159-->[com.google.firebase:firebase-common:19.3.0] AndroidManifest.xml:27:13-77
160            android:authorities="com.example.chat.firebaseinitprovider"
160-->[com.google.firebase:firebase-common:19.3.0] AndroidManifest.xml:28:13-72
161            android:exported="false"
161-->[com.google.firebase:firebase-common:19.3.0] AndroidManifest.xml:29:13-37
162            android:initOrder="100" />
162-->[com.google.firebase:firebase-common:19.3.0] AndroidManifest.xml:30:13-36
163
164        <receiver
164-->[com.google.android.gms:play-services-measurement:17.2.3] AndroidManifest.xml:29:9-33:20
165            android:name="com.google.android.gms.measurement.AppMeasurementReceiver"
165-->[com.google.android.gms:play-services-measurement:17.2.3] AndroidManifest.xml:30:13-85
166            android:enabled="true"
166-->[com.google.android.gms:play-services-measurement:17.2.3] AndroidManifest.xml:31:13-35
167            android:exported="false" >
167-->[com.google.android.gms:play-services-measurement:17.2.3] AndroidManifest.xml:32:13-37
168        </receiver>
169        <receiver
169-->[com.google.android.gms:play-services-measurement:17.2.3] AndroidManifest.xml:34:9-42:20
170            android:name="com.google.android.gms.measurement.AppMeasurementInstallReferrerReceiver"
170-->[com.google.android.gms:play-services-measurement:17.2.3] AndroidManifest.xml:35:13-100
171            android:enabled="true"
171-->[com.google.android.gms:play-services-measurement:17.2.3] AndroidManifest.xml:36:13-35
172            android:exported="true"
172-->[com.google.android.gms:play-services-measurement:17.2.3] AndroidManifest.xml:37:13-36
173            android:permission="android.permission.INSTALL_PACKAGES" >
173-->[com.google.android.gms:play-services-measurement:17.2.3] AndroidManifest.xml:38:13-69
174            <intent-filter>
174-->[com.google.android.gms:play-services-measurement:17.2.3] AndroidManifest.xml:39:13-41:29
175                <action android:name="com.android.vending.INSTALL_REFERRER" />
175-->[com.google.android.gms:play-services-measurement:17.2.3] AndroidManifest.xml:40:17-79
175-->[com.google.android.gms:play-services-measurement:17.2.3] AndroidManifest.xml:40:25-76
176            </intent-filter>
177        </receiver>
178
179        <service
179-->[com.google.android.gms:play-services-measurement:17.2.3] AndroidManifest.xml:44:9-47:40
180            android:name="com.google.android.gms.measurement.AppMeasurementService"
180-->[com.google.android.gms:play-services-measurement:17.2.3] AndroidManifest.xml:45:13-84
181            android:enabled="true"
181-->[com.google.android.gms:play-services-measurement:17.2.3] AndroidManifest.xml:46:13-35
182            android:exported="false" />
182-->[com.google.android.gms:play-services-measurement:17.2.3] AndroidManifest.xml:47:13-37
183        <service
183-->[com.google.android.gms:play-services-measurement:17.2.3] AndroidManifest.xml:48:9-52:72
184            android:name="com.google.android.gms.measurement.AppMeasurementJobService"
184-->[com.google.android.gms:play-services-measurement:17.2.3] AndroidManifest.xml:49:13-87
185            android:enabled="true"
185-->[com.google.android.gms:play-services-measurement:17.2.3] AndroidManifest.xml:50:13-35
186            android:exported="false"
186-->[com.google.android.gms:play-services-measurement:17.2.3] AndroidManifest.xml:51:13-37
187            android:permission="android.permission.BIND_JOB_SERVICE" />
187-->[com.google.android.gms:play-services-measurement:17.2.3] AndroidManifest.xml:52:13-69
188    </application>
189
190</manifest>